Rendering to 1150x1150 image
Loaded scene with 10000 circles
Loaded scene with 10000 circles
---------------------------------------------------------
Initializing CUDA for CudaRenderer
Found 1 CUDA devices
Device 0: NVIDIA GeForce RTX 2080
   SMs:        46
   Global mem: 7967 MB
   CUDA Cap:   7.5
---------------------------------------------------------
WARNING: You're not running on a fast GPU, please consider using NVIDIA RTX 2080.
---------------------------------------------------------

Running benchmark, 1 frames, beginning at frame 0 ...
hello world!
CUDA Error: invalid device symbol 
Copying image data from device
***************** Correctness check passed **************************
Clear:    0.0937 ms
Advance:  0.0008 ms
Render:   16.2323 ms
Total:    16.3267 ms

Overall:  0.4464 sec (note units are seconds)
