Rendering to 1150x1150 image
Loaded scene with 3 circles
Loaded scene with 3 circles
---------------------------------------------------------
Initializing CUDA for CudaRenderer
Found 1 CUDA devices
Device 0: NVIDIA GeForce RTX 2080
   SMs:        46
   Global mem: 7967 MB
   CUDA Cap:   7.5
---------------------------------------------------------
WARNING: You're not running on a fast GPU, please consider using NVIDIA RTX 2080.
---------------------------------------------------------

Running benchmark, 1 frames, beginning at frame 0 ...
hello world!
CUDA Error: invalid device symbol 
Copying image data from device
***************** Correctness check passed **************************
Clear:    0.1034 ms
Advance:  0.0010 ms
Render:   0.2652 ms
Total:    0.3695 ms

Overall:  0.0419 sec (note units are seconds)
